<?xml version="1.0" encoding="UTF-8"?>
<!-- Generated by org.testng.reporters.JUnitReportReporter -->
<testsuite hostname="DESKTOP-1KB0RC3" failures="0" tests="1" name="selenium.Phone" time="16.148" errors="0" timestamp="2022-09-20T12:52:22 IST" skipped="0">
  <testcase classname="selenium.Phone" name="redmiPhone" time="16.148"/>
  <system-out/>
</testsuite> <!-- selenium.Phone -->
