<?xml version="1.0" encoding="UTF-8"?>
<!-- Generated by org.testng.reporters.JUnitReportReporter -->
<testsuite hostname="DESKTOP-1KB0RC3" failures="0" tests="1" name="selenium.AddToCart" time="14.664" errors="0" timestamp="2022-09-20T12:50:14 IST" skipped="0">
  <testcase classname="selenium.AddToCart" name="AddToCartProduct" time="14.664"/>
  <system-out/>
</testsuite> <!-- selenium.AddToCart -->
